<?xml version="1.0" encoding="UTF-8"?>
<!-- Generated by org.testng.reporters.JUnitReportReporter -->
<testsuite hostname="LAPTOP-E86RFH9G" failures="0" tests="2" name="testscrips.ManageCategoryTest" time="41.491" errors="0" timestamp="2026-01-19T19:07:16 IST" skipped="0">
  <testcase classname="testscrips.ManageCategoryTest" name="verifyTheUserIsAbleToAddCategory" time="14.407"/>
  <testcase classname="testscrips.ManageCategoryTest" name="verifyTheUserIsAbleToAddCategory" time="27.084"/>
</testsuite> <!-- testscrips.ManageCategoryTest -->
