<?xml version="1.0" encoding="UTF-8"?>
<!-- Generated by org.testng.reporters.JUnitReportReporter -->
<testsuite hostname="LAPTOP-E86RFH9G" failures="0" tests="2" name="testscrips.ContactUsTest" time="28.053" errors="0" timestamp="2026-01-19T19:07:16 IST" skipped="0">
  <testcase classname="testscrips.ContactUsTest" name="verifyTheUserIsAbleAddDetailsFromConatctUsPage" time="12.022"/>
  <testcase classname="testscrips.ContactUsTest" name="verifyTheUserIsAbleAddDetailsFromConatctUsPage" time="16.031"/>
</testsuite> <!-- testscrips.ContactUsTest -->
