<?xml version="1.0" encoding="UTF-8"?>
<!-- Generated by org.testng.reporters.JUnitReportReporter -->
<testsuite hostname="LAPTOP-E86RFH9G" failures="0" tests="2" name="testscrips.ContactUsTest" time="21.213" errors="0" timestamp="2026-01-22T18:04:08 IST" skipped="0">
  <testcase classname="testscrips.ContactUsTest" name="verifyTheUserIsAbleAddDetailsFromConatctUsPage" time="13.091"/>
  <testcase classname="testscrips.ContactUsTest" name="verifyTheUserIsAbleAddDetailsFromConatctUsPage" time="8.122"/>
</testsuite> <!-- testscrips.ContactUsTest -->
