<?xml version="1.0" encoding="UTF-8"?>
<!-- Generated by org.testng.reporters.JUnitReportReporter -->
<testsuite hostname="LAPTOP-E86RFH9G" failures="0" tests="4" name="testscrips.LoginTest" time="12.307" errors="0" timestamp="2026-01-21T11:07:22 IST" skipped="0">
  <testcase classname="testscrips.LoginTest" name="verifyThatTheUserSholudNotAbleToSinginWithinVaidUsernameandvalidPassword" time="2.642"/>
  <testcase classname="testscrips.LoginTest" name="verifyThatTheUserSholudNotAbleToSinginWithinVaidUsernameandinvalidPassword" time="2.261"/>
  <testcase classname="testscrips.LoginTest" name="verifyTheUserIsAbleToLoginTheSinginUsingValdCrediatiols" time="3.396"/>
  <testcase classname="testscrips.LoginTest" name="verifyThatTheUserSholudNotAbleToSinginWithInVaidUsernameandInvalidPassword" time="4.008"/>
</testsuite> <!-- testscrips.LoginTest -->
