<?xml version="1.0" encoding="UTF-8"?>
<!-- Generated by org.testng.reporters.JUnitReportReporter -->
<testsuite hostname="LAPTOP-E86RFH9G" failures="0" tests="8" name="testscrips.LoginTest" time="73.752" errors="0" timestamp="2026-01-19T19:07:16 IST" skipped="0">
  <testcase classname="testscrips.LoginTest" name="verifyThatTheUserSholudNotAbleToSinginWithinVaidUsernameandinvalidPassword" time="4.681"/>
  <testcase classname="testscrips.LoginTest" name="verifyThatTheUserSholudNotAbleToSinginWithinVaidUsernameandvalidPassword" time="10.903"/>
  <testcase classname="testscrips.LoginTest" name="verifyTheUserIsAbleToLoginTheSinginUsingValdCrediatiols" time="14.973"/>
  <testcase classname="testscrips.LoginTest" name="verifyThatTheUserSholudNotAbleToSinginWithinVaidUsernameandvalidPassword" time="6.015"/>
  <testcase classname="testscrips.LoginTest" name="verifyTheUserIsAbleToLoginTheSinginUsingValdCrediatiols" time="4.798"/>
  <testcase classname="testscrips.LoginTest" name="verifyThatTheUserSholudNotAbleToSinginWithInVaidUsernameandInvalidPassword" time="5.807"/>
  <testcase classname="testscrips.LoginTest" name="verifyThatTheUserSholudNotAbleToSinginWithInVaidUsernameandInvalidPassword" time="15.157"/>
  <testcase classname="testscrips.LoginTest" name="verifyThatTheUserSholudNotAbleToSinginWithinVaidUsernameandinvalidPassword" time="11.418"/>
</testsuite> <!-- testscrips.LoginTest -->
