<?xml version="1.0" encoding="UTF-8"?>
<!-- Generated by org.testng.reporters.JUnitReportReporter -->
<testsuite hostname="LAPTOP-E86RFH9G" failures="0" tests="2" name="testscrips.LogoffTest" time="23.533" errors="0" timestamp="2026-01-19T19:07:16 IST" skipped="0">
  <testcase classname="testscrips.LogoffTest" name="verifyTheUserIsAbleToLogoffFromTheCreatedAccount" time="8.304"/>
  <testcase classname="testscrips.LogoffTest" name="verifyTheUserIsAbleToLogoffFromTheCreatedAccount" time="15.229"/>
</testsuite> <!-- testscrips.LogoffTest -->
