<?xml version="1.0" encoding="UTF-8"?>
<!-- Generated by org.testng.reporters.JUnitReportReporter -->
<testsuite hostname="LAPTOP-E86RFH9G" failures="0" tests="2" name="testscrips.DashboardManageFooterTextTest" time="15.659" errors="0" timestamp="2026-01-22T18:04:08 IST" skipped="0">
  <testcase classname="testscrips.DashboardManageFooterTextTest" name="verifyTheUserIsAbleAddDetailsFromManageFooterPage" time="5.369"/>
  <testcase classname="testscrips.DashboardManageFooterTextTest" name="verifyTheUserIsAbleAddDetailsFromManageFooterPage" time="10.290"/>
</testsuite> <!-- testscrips.DashboardManageFooterTextTest -->
