<?xml version="1.0" encoding="UTF-8"?>
<!-- Generated by org.testng.reporters.JUnitReportReporter -->
<testsuite hostname="LAPTOP-E86RFH9G" failures="0" tests="2" name="testscrips.DashboardManageNewsTest" time="31.974" errors="0" timestamp="2026-01-19T19:07:16 IST" skipped="0">
  <testcase classname="testscrips.DashboardManageNewsTest" name="verifyTheUserIsAbleToLoginTheSinginUsingValdCrediatiolsAndWithGivingValidTextinTheTextareaItShouldDispayAAlertMeassgeManageNews" time="22.981"/>
  <testcase classname="testscrips.DashboardManageNewsTest" name="verifyTheUserIsAbleToLoginTheSinginUsingValdCrediatiolsAndWithGivingValidTextinTheTextareaItShouldDispayAAlertMeassgeManageNews" time="8.993"/>
</testsuite> <!-- testscrips.DashboardManageNewsTest -->
