<?xml version="1.0" encoding="UTF-8"?>
<!-- Generated by org.testng.reporters.JUnitReportReporter -->
<testsuite hostname="LAPTOP-E86RFH9G" failures="0" tests="2" name="testscrips.ManageCategoryTest" time="19.558" errors="0" timestamp="2026-01-22T18:04:08 IST" skipped="0">
  <testcase classname="testscrips.ManageCategoryTest" name="verifyTheUserIsAbleToAddCategory" time="12.734"/>
  <testcase classname="testscrips.ManageCategoryTest" name="verifyTheUserIsAbleToAddCategory" time="6.824"/>
</testsuite> <!-- testscrips.ManageCategoryTest -->
