<?xml version="1.0" encoding="UTF-8"?>
<!-- Generated by org.testng.reporters.JUnitXMLReporter -->
<testsuite ignored="0" hostname="LAPTOP-E86RFH9G" failures="0" tests="2" name="Test" time="15.486" errors="0" timestamp="2026-01-22T18:07:27 IST">
  <testcase classname="testscrips.HomeTest" name="verifyTheUserIsAbleToLogoffFromTheCreatedAccount" time="4.135"/>
  <testcase classname="testscrips.AdminUserTest" name="verifyTheUserIsAbleAddUserFromTheNewAddFeture" time="4.693"/>
</testsuite> <!-- Test -->
