<?xml version="1.0" encoding="UTF-8"?>
<!-- Generated by org.testng.reporters.JUnitXMLReporter -->
<testsuite ignored="0" hostname="LAPTOP-E86RFH9G" failures="0" tests="9" name="Test" time="52.443" errors="0" timestamp="2026-01-19T17:45:01 IST">
  <testcase classname="testscrips.LoginTest" name="verifyThatTheUserSholudNotAbleToSinginWithInVaidUsernameandInvalidPassword" time="2.106"/>
  <testcase classname="testscrips.LoginTest" name="verifyThatTheUserSholudNotAbleToSinginWithinVaidUsernameandinvalidPassword" time="0.648"/>
  <testcase classname="testscrips.LoginTest" name="verifyThatTheUserSholudNotAbleToSinginWithinVaidUsernameandvalidPassword" time="1.115"/>
  <testcase classname="testscrips.LoginTest" name="verifyTheUserIsAbleToLoginTheSinginUsingValdCrediatiols" time="0.883"/>
  <testcase classname="testscrips.LogoffTest" name="verifyTheUserIsAbleToLogoffFromTheCreatedAccount" time="1.253"/>
  <testcase classname="testscrips.DashboardManageNewsTest" name="verifyTheUserIsAbleToLoginTheSinginUsingValdCrediatiolsAndWithGivingValidTextinTheTextareaItShouldDispayAAlertMeassgeManageNews" time="1.801"/>
  <testcase classname="testscrips.ContactUsTest" name="verifyTheUserIsAbleAddDetailsFromConatctUsPage" time="3.947"/>
  <testcase classname="testscrips.AdminUserTest" name="verifyTheUserIsAbleAddUserFromTheNewAddFeture" time="2.365"/>
  <testcase classname="testscrips.ManageCategoryTest" name="verifyTheUserIsAbleToAddCategory" time="4.336"/>
</testsuite> <!-- Test -->
