<?xml version="1.0" encoding="UTF-8"?>
<testng-results ignored="0" total="2" passed="2" failed="0" skipped="0">
  <reporter-output>
  </reporter-output>
  <suite started-at="2026-01-22T18:07:11 IST" name="Suite" finished-at="2026-01-22T18:07:27 IST" duration-ms="15486">
    <groups>
      <group name="regression">
        <method signature="AdminUserTest.verifyTheUserIsAbleAddUserFromTheNewAddFeture()[pri:0, instance:testscrips.AdminUserTest@37313c65]" name="verifyTheUserIsAbleAddUserFromTheNewAddFeture" class="testscrips.AdminUserTest"/>
        <method signature="HomeTest.verifyTheUserIsAbleToLogoffFromTheCreatedAccount()[pri:0, instance:testscrips.HomeTest@2657d4dd]" name="verifyTheUserIsAbleToLogoffFromTheCreatedAccount" class="testscrips.HomeTest"/>
      </group> <!-- regression -->
    </groups>
    <test started-at="2026-01-22T18:07:11 IST" name="Test" finished-at="2026-01-22T18:07:27 IST" duration-ms="15486">
      <class name="testscrips.AdminUserTest">
        <test-method is-config="true" signature="browserIntilization(java.lang.String)[pri:0, instance:testscrips.AdminUserTest@37313c65]" started-at="2026-01-22T18:07:19 IST" name="browserIntilization" finished-at="2026-01-22T18:07:22 IST" duration-ms="3193" status="PASS">
          <params>
            <param index="0">
              <value>
                <![CDATA[Chrome]]>
              </value>
            </param>
          </params>
          <reporter-output>
          </reporter-output>
        </test-method> <!-- browserIntilization -->
        <test-method signature="verifyTheUserIsAbleAddUserFromTheNewAddFeture()[pri:0, instance:testscrips.AdminUserTest@37313c65]" started-at="2026-01-22T18:07:22 IST" name="verifyTheUserIsAbleAddUserFromTheNewAddFeture" description="verifyTheUserIsAbleAddUserFromTheNewAddFeture" finished-at="2026-01-22T18:07:27 IST" duration-ms="4693" status="PASS">
          <reporter-output>
          </reporter-output>
        </test-method> <!-- verifyTheUserIsAbleAddUserFromTheNewAddFeture -->
        <test-method is-config="true" signature="closeBrowser(org.testng.ITestResult)[pri:0, instance:testscrips.AdminUserTest@37313c65]" started-at="2026-01-22T18:07:27 IST" name="closeBrowser" finished-at="2026-01-22T18:07:27 IST" duration-ms="159" status="PASS">
          <params>
            <param index="0">
              <value>
                <![CDATA[[TestResult name=verifyTheUserIsAbleAddUserFromTheNewAddFeture status=SUCCESS method=AdminUserTest.verifyTheUserIsAbleAddUserFromTheNewAddFeture()[pri:0, instance:testscrips.AdminUserTest@37313c65] output={null}]]]>
              </value>
            </param>
          </params>
          <reporter-output>
          </reporter-output>
        </test-method> <!-- closeBrowser -->
      </class> <!-- testscrips.AdminUserTest -->
      <class name="testscrips.HomeTest">
        <test-method is-config="true" signature="browserIntilization(java.lang.String)[pri:0, instance:testscrips.HomeTest@2657d4dd]" started-at="2026-01-22T18:07:12 IST" name="browserIntilization" finished-at="2026-01-22T18:07:15 IST" duration-ms="3026" status="PASS">
          <params>
            <param index="0">
              <value>
                <![CDATA[Chrome]]>
              </value>
            </param>
          </params>
          <reporter-output>
          </reporter-output>
        </test-method> <!-- browserIntilization -->
        <test-method signature="verifyTheUserIsAbleToLogoffFromTheCreatedAccount()[pri:0, instance:testscrips.HomeTest@2657d4dd]" started-at="2026-01-22T18:07:15 IST" name="verifyTheUserIsAbleToLogoffFromTheCreatedAccount" description="verifyTheUserIsAbleToLogoffFromTheCreatedAccount" finished-at="2026-01-22T18:07:19 IST" duration-ms="4135" status="PASS">
          <reporter-output>
          </reporter-output>
        </test-method> <!-- verifyTheUserIsAbleToLogoffFromTheCreatedAccount -->
        <test-method is-config="true" signature="closeBrowser(org.testng.ITestResult)[pri:0, instance:testscrips.HomeTest@2657d4dd]" started-at="2026-01-22T18:07:19 IST" name="closeBrowser" finished-at="2026-01-22T18:07:19 IST" duration-ms="224" status="PASS">
          <params>
            <param index="0">
              <value>
                <![CDATA[[TestResult name=verifyTheUserIsAbleToLogoffFromTheCreatedAccount status=SUCCESS method=HomeTest.verifyTheUserIsAbleToLogoffFromTheCreatedAccount()[pri:0, instance:testscrips.HomeTest@2657d4dd] output={null}]]]>
              </value>
            </param>
          </params>
          <reporter-output>
          </reporter-output>
        </test-method> <!-- closeBrowser -->
      </class> <!-- testscrips.HomeTest -->
    </test> <!-- Test -->
  </suite> <!-- Suite -->
</testng-results>
