<?xml version="1.0" encoding="UTF-8"?>
<!-- Generated by org.testng.reporters.JUnitXMLReporter -->
<testsuite ignored="0" hostname="LAPTOP-E86RFH9G" failures="0" tests="5" name="ChromeTest" time="40.516" errors="0" timestamp="2026-01-22T18:03:40 IST">
  <testcase classname="testscrips.HomeTest" name="verifyTheUserIsAbleToLogoffFromTheCreatedAccount" time="4.377"/>
  <testcase classname="testscrips.AdminUserTest" name="verifyTheUserIsAbleAddUserFromTheNewAddFeture" time="7.799"/>
  <testcase classname="testscrips.ContactUsTest" name="verifyTheUserIsAbleAddDetailsFromConatctUsPage" time="5.486"/>
  <testcase classname="testscrips.DashboardManageFooterTextTest" name="verifyTheUserIsAbleAddDetailsFromManageFooterPage" time="2.915"/>
  <testcase classname="testscrips.ManageCategoryTest" name="verifyTheUserIsAbleToAddCategory" time="4.644"/>
</testsuite> <!-- ChromeTest -->
