<?xml version="1.0" encoding="UTF-8"?>
<!-- Generated by org.testng.reporters.JUnitXMLReporter -->
<testsuite ignored="0" hostname="LAPTOP-E86RFH9G" failures="1" tests="11" name="FireFoxTest" time="193.26" errors="0" timestamp="2026-01-19T19:07:01 IST">
  <testcase classname="testscrips.LoginTest" name="verifyThatTheUserSholudNotAbleToSinginWithInVaidUsernameandInvalidPassword" time="1.474"/>
  <testcase classname="testscrips.LoginTest" name="verifyThatTheUserSholudNotAbleToSinginWithinVaidUsernameandinvalidPassword" time="2.202"/>
  <testcase classname="testscrips.LoginTest" name="verifyThatTheUserSholudNotAbleToSinginWithinVaidUsernameandvalidPassword" time="2.137"/>
  <testcase classname="testscrips.LoginTest" name="verifyTheUserIsAbleToLoginTheSinginUsingValdCrediatiols" time="1.203"/>
  <testcase classname="testscrips.LogoffTest" name="verifyTheUserIsAbleToLogoffFromTheCreatedAccount" time="2.922"/>
  <testcase classname="testscrips.ContactUsTest" name="verifyTheUserIsAbleAddDetailsFromConatctUsPage" time="7.138"/>
  <testcase classname="testscrips.AdminUserTest" name="verifyTheUserIsAbleAddUserFromTheNewAddFeture" time="9.945">
    <skipped/>
  </testcase> <!-- verifyTheUserIsAbleAddUserFromTheNewAddFeture -->
  <testcase classname="testscrips.AdminUserTest" name="verifyTheUserIsAbleAddUserFromTheNewAddFeture" time="8.091">
    <skipped/>
  </testcase> <!-- verifyTheUserIsAbleAddUserFromTheNewAddFeture -->
  <testcase classname="testscrips.AdminUserTest" name="verifyTheUserIsAbleAddUserFromTheNewAddFeture" time="8.456">
    <failure type="org.openqa.selenium.NoSuchElementException" message="Unable to locate element: //div[@class=&amp;apos;alert alert-success alert-dismissible&amp;apos;]
For documentation on this error, please visit: https://www.selenium.dev/documentation/webdriver/troubleshooting/errors#no-such-element-exception
Build info: version: &amp;apos;4.27.0&amp;apos;, revision: &amp;apos;d6e718d134&amp;apos;
System info: os.name: &amp;apos;Windows 11&amp;apos;, os.arch: &amp;apos;amd64&amp;apos;, os.version: &amp;apos;10.0&amp;apos;, java.version: &amp;apos;21.0.8&amp;apos;
Driver info: org.openqa.selenium.firefox.FirefoxDriver
Command: [842dfb79-f77f-4702-80be-e9bd3adeadf3, findElement {using=xpath, value=//div[@class=&amp;apos;alert alert-success alert-dismissible&amp;apos;]}]
Capabilities {acceptInsecureCerts: true, browserName: firefox, browserVersion: 147.0.1, moz:accessibilityChecks: false, moz:buildID: 20260116091309, moz:geckodriverVersion: 0.36.0, moz:headless: false, moz:platformVersion: 10.0, moz:processID: 41108, moz:profile: C:\Users\MIDHU_~1\AppData\L..., moz:shutdownTimeout: 60000, moz:webdriverClick: true, moz:windowless: false, pageLoadStrategy: normal, platformName: windows, proxy: Proxy(), setWindowRect: true, strictFileInteractability: false, timeouts: {implicit: 0, pageLoad: 300000, script: 30000}, unhandledPromptBehavior: dismiss and notify, userAgent: Mozilla/5.0 (Windows NT 10....}
Session ID: 842dfb79-f77f-4702-80be-e9bd3adeadf3">
      <![CDATA[org.openqa.selenium.NoSuchElementException: Unable to locate element: //div[@class='alert alert-success alert-dismissible']
For documentation on this error, please visit: https://www.selenium.dev/documentation/webdriver/troubleshooting/errors#no-such-element-exception
Build info: version: '4.27.0', revision: 'd6e718d134'
System info: os.name: 'Windows 11', os.arch: 'amd64', os.version: '10.0', java.version: '21.0.8'
Driver info: org.openqa.selenium.firefox.FirefoxDriver
Command: [842dfb79-f77f-4702-80be-e9bd3adeadf3, findElement {using=xpath, value=//div[@class='alert alert-success alert-dismissible']}]
Capabilities {acceptInsecureCerts: true, browserName: firefox, browserVersion: 147.0.1, moz:accessibilityChecks: false, moz:buildID: 20260116091309, moz:geckodriverVersion: 0.36.0, moz:headless: false, moz:platformVersion: 10.0, moz:processID: 41108, moz:profile: C:\Users\MIDHU_~1\AppData\L..., moz:shutdownTimeout: 60000, moz:webdriverClick: true, moz:windowless: false, pageLoadStrategy: normal, platformName: windows, proxy: Proxy(), setWindowRect: true, strictFileInteractability: false, timeouts: {implicit: 0, pageLoad: 300000, script: 30000}, unhandledPromptBehavior: dismiss and notify, userAgent: Mozilla/5.0 (Windows NT 10....}
Session ID: 842dfb79-f77f-4702-80be-e9bd3adeadf3
at org.openqa.selenium.remote.ErrorCodec.decode(ErrorCodec.java:167)
at org.openqa.selenium.remote.codec.w3c.W3CHttpResponseCodec.decode(W3CHttpResponseCodec.java:138)
at org.openqa.selenium.remote.codec.w3c.W3CHttpResponseCodec.decode(W3CHttpResponseCodec.java:50)
at org.openqa.selenium.remote.HttpCommandExecutor.execute(HttpCommandExecutor.java:190)
at org.openqa.selenium.remote.service.DriverCommandExecutor.invokeExecute(DriverCommandExecutor.java:216)
at org.openqa.selenium.remote.service.DriverCommandExecutor.execute(DriverCommandExecutor.java:174)
at org.openqa.selenium.remote.RemoteWebDriver.execute(RemoteWebDriver.java:545)
at org.openqa.selenium.remote.ElementLocation$ElementFinder$2.findElement(ElementLocation.java:165)
at org.openqa.selenium.remote.ElementLocation.findElement(ElementLocation.java:59)
at org.openqa.selenium.remote.RemoteWebDriver.findElement(RemoteWebDriver.java:368)
at org.openqa.selenium.remote.RemoteWebDriver.findElement(RemoteWebDriver.java:362)
at org.openqa.selenium.support.pagefactory.DefaultElementLocator.findElement(DefaultElementLocator.java:68)
at org.openqa.selenium.support.pagefactory.internal.LocatingElementHandler.invoke(LocatingElementHandler.java:38)
at jdk.proxy2/jdk.proxy2.$Proxy13.isDisplayed(Unknown Source)
at pages.AdminUserPage.isAlertUserCreatedSuccessfully(AdminUserPage.java:71)
at testscrips.AdminUserTest.verifyTheUserIsAbleAddUserFromTheNewAddFeture(AdminUserTest.java:41)
at java.base/java.util.ArrayList.forEach(ArrayList.java:1596)
at java.base/java.util.concurrent.FutureTask.run(FutureTask.java:317)
at java.base/java.util.concurrent.ThreadPoolExecutor.runWorker(ThreadPoolExecutor.java:1144)
at java.base/java.util.concurrent.ThreadPoolExecutor$Worker.run(ThreadPoolExecutor.java:642)
at java.base/java.lang.Thread.run(Thread.java:1583)
... Removed 18 stack frames]]>
    </failure>
  </testcase> <!-- verifyTheUserIsAbleAddUserFromTheNewAddFeture -->
  <testcase classname="testscrips.ManageCategoryTest" name="verifyTheUserIsAbleToAddCategory" time="7.937"/>
  <testcase classname="testscrips.DashboardManageNewsTest" name="verifyTheUserIsAbleToLoginTheSinginUsingValdCrediatiolsAndWithGivingValidTextinTheTextareaItShouldDispayAAlertMeassgeManageNews" time="11.032"/>
</testsuite> <!-- FireFoxTest -->
