<?xml version="1.0" encoding="UTF-8"?>
<!-- Generated by org.testng.reporters.JUnitXMLReporter -->
<testsuite ignored="0" hostname="LAPTOP-E86RFH9G" failures="0" tests="5" name="FireFoxTest" time="67.962" errors="0" timestamp="2026-01-22T18:04:08 IST">
  <testcase classname="testscrips.HomeTest" name="verifyTheUserIsAbleToLogoffFromTheCreatedAccount" time="1.596"/>
  <testcase classname="testscrips.AdminUserTest" name="verifyTheUserIsAbleAddUserFromTheNewAddFeture" time="7.98"/>
  <testcase classname="testscrips.ContactUsTest" name="verifyTheUserIsAbleAddDetailsFromConatctUsPage" time="2.252"/>
  <testcase classname="testscrips.DashboardManageFooterTextTest" name="verifyTheUserIsAbleAddDetailsFromManageFooterPage" time="1.864"/>
  <testcase classname="testscrips.ManageCategoryTest" name="verifyTheUserIsAbleToAddCategory" time="3.885"/>
</testsuite> <!-- FireFoxTest -->
